<?xml version="1.0" encoding="UTF-8"?>
<!-- Generated by org.testng.reporters.JUnitXMLReporter -->
<testsuite ignored="1" hostname="DESKTOP-0987DAC" failures="0" tests="2" name="Test" time="7.337" errors="0" timestamp="2025-05-15T20:42:47 IST">
  <testcase classname="com.hrm.test.logintest" name="loginToApplication" time="4.389"/>
  <testcase classname="com.hrm.test.homepagetest" name="logout" time="2.867"/>
  <testcase classname="com.hrm.test.basetest" name="@BeforeSuite initDriver" time="0.0">
    <ignored/>
  </testcase> <!-- @BeforeSuite initDriver -->
</testsuite> <!-- Test -->
