<?xml version="1.0" encoding="UTF-8"?>
<testng-results ignored="0" total="2" passed="2" failed="0" skipped="0">
  <reporter-output>
  </reporter-output>
  <suite started-at="2025-05-15T20:42:39 IST" name="Suite" finished-at="2025-05-15T20:42:46 IST" duration-ms="7337">
    <groups>
    </groups>
    <test started-at="2025-05-15T20:42:39 IST" name="Test" finished-at="2025-05-15T20:42:46 IST" duration-ms="7337">
      <class name="com.hrm.test.logintest">
        <test-method is-config="true" signature="initDriver()[pri:0, instance:com.hrm.test.logintest@4201c465]" started-at="2025-05-15T20:42:26 IST" name="initDriver" finished-at="2025-05-15T20:42:39 IST" duration-ms="12447" status="PASS">
          <reporter-output>
          </reporter-output>
        </test-method> <!-- initDriver -->
        <test-method signature="loginToApplication()[pri:0, instance:com.hrm.test.logintest@4201c465]" started-at="2025-05-15T20:42:39 IST" name="loginToApplication" finished-at="2025-05-15T20:42:43 IST" duration-ms="4389" status="PASS">
          <reporter-output>
          </reporter-output>
        </test-method> <!-- loginToApplication -->
      </class> <!-- com.hrm.test.logintest -->
      <class name="com.hrm.test.homepagetest">
        <test-method signature="logout()[pri:0, instance:com.hrm.test.homepagetest@4e5ed836]" started-at="2025-05-15T20:42:43 IST" name="logout" finished-at="2025-05-15T20:42:46 IST" duration-ms="2867" status="PASS">
          <reporter-output>
          </reporter-output>
        </test-method> <!-- logout -->
      </class> <!-- com.hrm.test.homepagetest -->
    </test> <!-- Test -->
  </suite> <!-- Suite -->
</testng-results>
