<?xml version="1.0" encoding="UTF-8"?>
<!-- Generated by org.testng.reporters.JUnitXMLReporter -->
<testsuite ignored="3" hostname="DESKTOP-0987DAC" failures="0" tests="1" name="OrangeHRMTest" time="19.61" errors="0" timestamp="2025-05-07T07:15:49 IST">
  <testcase classname="com.test.Orangehrmtest" name="loginToApplication" time="19.507"/>
  <testcase classname="com.test.Orangehrmtest" name="closedBrowser" time="0.0">
    <ignored/>
  </testcase> <!-- closedBrowser -->
  <testcase classname="com.test.Orangehrmtest" name="searchLeave" time="0.0">
    <ignored/>
  </testcase> <!-- searchLeave -->
  <testcase classname="com.test.Orangehrmtest" name="logout" time="0.0">
    <ignored/>
  </testcase> <!-- logout -->
</testsuite> <!-- OrangeHRMTest -->
